2020-08-20 12:17:58.336838: I tensorflow/stream_executor/platform/default/dso_loader.cc:44] Successfully opened dynamic library libcuda.so.1
2020-08-20 12:17:58.423129: I tensorflow/core/common_runtime/gpu/gpu_device.cc:1561] Found device 0 with properties: 
pciBusID: 0000:1a:00.0 name: Tesla V100-SXM2-16GB computeCapability: 7.0
coreClock: 1.53GHz coreCount: 80 deviceMemorySize: 15.78GiB deviceMemoryBandwidth: 836.37GiB/s
2020-08-20 12:17:58.431969: I tensorflow/stream_executor/platform/default/dso_loader.cc:44] Successfully opened dynamic library libcudart.so.10.1
2020-08-20 12:17:58.473447: I tensorflow/stream_executor/platform/default/dso_loader.cc:44] Successfully opened dynamic library libcublas.so.10
2020-08-20 12:17:58.511036: I tensorflow/stream_executor/platform/default/dso_loader.cc:44] Successfully opened dynamic library libcufft.so.10
2020-08-20 12:17:58.519129: I tensorflow/stream_executor/platform/default/dso_loader.cc:44] Successfully opened dynamic library libcurand.so.10
2020-08-20 12:17:58.586908: I tensorflow/stream_executor/platform/default/dso_loader.cc:44] Successfully opened dynamic library libcusolver.so.10
2020-08-20 12:17:58.595092: I tensorflow/stream_executor/platform/default/dso_loader.cc:44] Successfully opened dynamic library libcusparse.so.10
2020-08-20 12:17:58.740844: I tensorflow/stream_executor/platform/default/dso_loader.cc:44] Successfully opened dynamic library libcudnn.so.7
2020-08-20 12:17:58.743414: I tensorflow/core/common_runtime/gpu/gpu_device.cc:1703] Adding visible gpu devices: 0
2020-08-20 12:17:58.745110: I tensorflow/core/platform/cpu_feature_guard.cc:143] Your CPU supports instructions that this TensorFlow binary was not compiled to use: AVX2 AVX512F FMA
2020-08-20 12:17:58.767006: I tensorflow/core/platform/profile_utils/cpu_utils.cc:102] CPU Frequency: 2400000000 Hz
2020-08-20 12:17:58.767991: I tensorflow/compiler/xla/service/service.cc:168] XLA service 0x2aab74000b10 initialized for platform Host (this does not guarantee that XLA will be used). Devices:
2020-08-20 12:17:58.768001: I tensorflow/compiler/xla/service/service.cc:176]   StreamExecutor device (0): Host, Default Version
2020-08-20 12:17:58.931291: I tensorflow/compiler/xla/service/service.cc:168] XLA service 0x555558f10010 initialized for platform CUDA (this does not guarantee that XLA will be used). Devices:
2020-08-20 12:17:58.931310: I tensorflow/compiler/xla/service/service.cc:176]   StreamExecutor device (0): Tesla V100-SXM2-16GB, Compute Capability 7.0
2020-08-20 12:17:58.933425: I tensorflow/core/common_runtime/gpu/gpu_device.cc:1561] Found device 0 with properties: 
pciBusID: 0000:1a:00.0 name: Tesla V100-SXM2-16GB computeCapability: 7.0
coreClock: 1.53GHz coreCount: 80 deviceMemorySize: 15.78GiB deviceMemoryBandwidth: 836.37GiB/s
2020-08-20 12:17:58.933491: I tensorflow/stream_executor/platform/default/dso_loader.cc:44] Successfully opened dynamic library libcudart.so.10.1
2020-08-20 12:17:58.933507: I tensorflow/stream_executor/platform/default/dso_loader.cc:44] Successfully opened dynamic library libcublas.so.10
2020-08-20 12:17:58.933518: I tensorflow/stream_executor/platform/default/dso_loader.cc:44] Successfully opened dynamic library libcufft.so.10
2020-08-20 12:17:58.933530: I tensorflow/stream_executor/platform/default/dso_loader.cc:44] Successfully opened dynamic library libcurand.so.10
2020-08-20 12:17:58.933541: I tensorflow/stream_executor/platform/default/dso_loader.cc:44] Successfully opened dynamic library libcusolver.so.10
2020-08-20 12:17:58.933552: I tensorflow/stream_executor/platform/default/dso_loader.cc:44] Successfully opened dynamic library libcusparse.so.10
2020-08-20 12:17:58.933564: I tensorflow/stream_executor/platform/default/dso_loader.cc:44] Successfully opened dynamic library libcudnn.so.7
2020-08-20 12:17:58.935888: I tensorflow/core/common_runtime/gpu/gpu_device.cc:1703] Adding visible gpu devices: 0
2020-08-20 12:17:58.935959: I tensorflow/stream_executor/platform/default/dso_loader.cc:44] Successfully opened dynamic library libcudart.so.10.1
2020-08-20 12:17:58.937698: I tensorflow/core/common_runtime/gpu/gpu_device.cc:1102] Device interconnect StreamExecutor with strength 1 edge matrix:
2020-08-20 12:17:58.937711: I tensorflow/core/common_runtime/gpu/gpu_device.cc:1108]      0 
2020-08-20 12:17:58.937723: I tensorflow/core/common_runtime/gpu/gpu_device.cc:1121] 0:   N 
2020-08-20 12:17:58.940476: I tensorflow/core/common_runtime/gpu/gpu_device.cc:1247] Created TensorFlow device (/job:localhost/replica:0/task:0/device:GPU:0 with 14900 MB memory) -> physical GPU (device: 0, name: Tesla V100-SXM2-16GB, pci bus id: 0000:1a:00.0, compute capability: 7.0)
[2020-08-20 12:17:58,942 INFO] Loading data from ../data/814_evensplit_equalfrac_train.h5
2020-08-20 12:18:24.828486: I tensorflow/stream_executor/platform/default/dso_loader.cc:44] Successfully opened dynamic library libcublas.so.10
1 Physical GPUs, 1 Logical GPUs
Model: "model"
_________________________________________________________________
Layer (type)                 Output Shape              Param #   
=================================================================
input_1 (InputLayer)         [(None, 60)]              0         
_________________________________________________________________
offset_and_scale (OffsetAndS (None, 60)                0         
_________________________________________________________________
dense (Dense)                (None, 25)                1525      
_________________________________________________________________
dense_1 (Dense)              (None, 20)                520       
_________________________________________________________________
dense_2 (Dense)              (None, 3)                 63        
=================================================================
Total params: 2,108
Trainable params: 2,108
Non-trainable params: 0
_________________________________________________________________
None
Epoch 1/50

Epoch 00001: val_loss improved from inf to 0.51970, saving model to modelWeights/tf_814.h5
180000/180000 - 269s - loss: 0.4914 - val_loss: 0.5197
Epoch 2/50

Epoch 00002: val_loss improved from 0.51970 to 0.50801, saving model to modelWeights/tf_814.h5
180000/180000 - 270s - loss: 0.4636 - val_loss: 0.5080
Epoch 3/50

Epoch 00003: val_loss improved from 0.50801 to 0.49892, saving model to modelWeights/tf_814.h5
180000/180000 - 269s - loss: 0.4579 - val_loss: 0.4989
Epoch 4/50

Epoch 00004: val_loss did not improve from 0.49892
180000/180000 - 269s - loss: 0.4545 - val_loss: 0.5005
Epoch 5/50

Epoch 00005: val_loss improved from 0.49892 to 0.49680, saving model to modelWeights/tf_814.h5
180000/180000 - 276s - loss: 0.4525 - val_loss: 0.4968
Epoch 6/50

Epoch 00006: val_loss improved from 0.49680 to 0.49371, saving model to modelWeights/tf_814.h5
180000/180000 - 271s - loss: 0.4510 - val_loss: 0.4937
Epoch 7/50

Epoch 00007: val_loss did not improve from 0.49371
180000/180000 - 272s - loss: 0.4497 - val_loss: 0.4971
Epoch 8/50

Epoch 00008: val_loss did not improve from 0.49371
180000/180000 - 271s - loss: 0.4489 - val_loss: 0.4946
Epoch 9/50

Epoch 00009: val_loss improved from 0.49371 to 0.49185, saving model to modelWeights/tf_814.h5
180000/180000 - 269s - loss: 0.4482 - val_loss: 0.4918
Epoch 10/50

Epoch 00010: val_loss did not improve from 0.49185
180000/180000 - 269s - loss: 0.4477 - val_loss: 0.4982
Epoch 11/50

Epoch 00011: val_loss did not improve from 0.49185
180000/180000 - 271s - loss: 0.4472 - val_loss: 0.4929
Epoch 12/50

Epoch 00012: val_loss improved from 0.49185 to 0.49037, saving model to modelWeights/tf_814.h5
180000/180000 - 273s - loss: 0.4467 - val_loss: 0.4904
Epoch 13/50

Epoch 00013: val_loss did not improve from 0.49037
180000/180000 - 268s - loss: 0.4461 - val_loss: 0.4932
Epoch 14/50

Epoch 00014: val_loss did not improve from 0.49037
180000/180000 - 270s - loss: 0.4456 - val_loss: 0.4931
Epoch 15/50

Epoch 00015: val_loss did not improve from 0.49037
180000/180000 - 269s - loss: 0.4452 - val_loss: 0.4907
Epoch 16/50

Epoch 00016: val_loss did not improve from 0.49037
180000/180000 - 270s - loss: 0.4448 - val_loss: 0.4917
Epoch 17/50

Epoch 00017: val_loss did not improve from 0.49037
180000/180000 - 270s - loss: 0.4444 - val_loss: 0.4912
Epoch 18/50

Epoch 00018: val_loss did not improve from 0.49037
180000/180000 - 269s - loss: 0.4441 - val_loss: 0.4952
Epoch 19/50

Epoch 00019: val_loss did not improve from 0.49037
180000/180000 - 271s - loss: 0.4439 - val_loss: 0.4939
srun: Job step aborted: Waiting up to 32 seconds for job step to finish.
slurmstepd: error: *** STEP 958282.0 ON cgpu07 CANCELLED AT 2020-08-20T13:47:51 DUE TO TIME LIMIT ***
slurmstepd: error: *** JOB 958282 ON cgpu07 CANCELLED AT 2020-08-20T13:47:51 DUE TO TIME LIMIT ***
