Using Theano backend.
[2020-08-31 14:18:27,441 INFO] Loading data from data/824_train.h5
[2020-08-31 14:18:47,514 INFO] Building model from share/reference_number.py
[2020-08-31 14:19:01,714 INFO] Compiling model
[2020-08-31 14:19:01,786 INFO] Fitting model
WARNING (theano.tensor.blas): We did not find a dynamic library in the library_dir of the library we use for blas. If you use ATLAS, make sure to compile it with dynamics library.
[2020-08-31 14:19:04,496 WARNING] We did not find a dynamic library in the library_dir of the library we use for blas. If you use ATLAS, make sure to compile it with dynamics library.
Train on 17999998 samples, validate on 2000000 samples
Epoch 1/1000
 - 104s - loss: 0.4499 - val_loss: 1.9577

Epoch 00001: val_loss improved from inf to 1.95775, saving model to modelWeights/824sigmoid_newstruct.h5
Epoch 2/1000
 - 94s - loss: 0.4196 - val_loss: 1.9999

Epoch 00002: val_loss did not improve
Epoch 3/1000
 - 93s - loss: 0.4141 - val_loss: 2.0403

Epoch 00003: val_loss did not improve
Epoch 4/1000
 - 93s - loss: 0.4109 - val_loss: 2.1198

Epoch 00004: val_loss did not improve
Epoch 5/1000
 - 93s - loss: 0.4084 - val_loss: 2.0249

Epoch 00005: val_loss did not improve
Epoch 6/1000
 - 93s - loss: 0.4065 - val_loss: 1.9352

Epoch 00006: val_loss improved from 1.95775 to 1.93524, saving model to modelWeights/824sigmoid_newstruct.h5
Epoch 7/1000
 - 93s - loss: 0.4049 - val_loss: 1.9986

Epoch 00007: val_loss did not improve
Epoch 8/1000
 - 93s - loss: 0.4037 - val_loss: 2.0409

Epoch 00008: val_loss did not improve
Epoch 9/1000
 - 93s - loss: 0.4028 - val_loss: 1.9570

Epoch 00009: val_loss did not improve
Epoch 10/1000
 - 93s - loss: 0.4020 - val_loss: 1.9262

Epoch 00010: val_loss improved from 1.93524 to 1.92624, saving model to modelWeights/824sigmoid_newstruct.h5
Epoch 11/1000
 - 93s - loss: 0.4014 - val_loss: 1.9820

Epoch 00011: val_loss did not improve
Epoch 12/1000
 - 93s - loss: 0.4008 - val_loss: 1.8557

Epoch 00012: val_loss improved from 1.92624 to 1.85567, saving model to modelWeights/824sigmoid_newstruct.h5
Epoch 13/1000
 - 93s - loss: 0.4003 - val_loss: 2.0687

Epoch 00013: val_loss did not improve
Epoch 14/1000
 - 94s - loss: 0.3999 - val_loss: 1.9169

Epoch 00014: val_loss did not improve
Epoch 15/1000
 - 93s - loss: 0.3996 - val_loss: 1.9575

Epoch 00015: val_loss did not improve
Epoch 16/1000
 - 93s - loss: 0.3993 - val_loss: 1.8660

Epoch 00016: val_loss did not improve
Epoch 17/1000
 - 93s - loss: 0.3990 - val_loss: 2.0847

Epoch 00017: val_loss did not improve
Epoch 18/1000
 - 93s - loss: 0.3988 - val_loss: 1.8968

Epoch 00018: val_loss did not improve
Epoch 19/1000
 - 93s - loss: 0.3985 - val_loss: 1.8513

Epoch 00019: val_loss improved from 1.85567 to 1.85127, saving model to modelWeights/824sigmoid_newstruct.h5
Epoch 20/1000
 - 93s - loss: 0.3983 - val_loss: 2.0023

Epoch 00020: val_loss did not improve
Epoch 21/1000
 - 93s - loss: 0.3981 - val_loss: 1.8284

Epoch 00021: val_loss improved from 1.85127 to 1.82841, saving model to modelWeights/824sigmoid_newstruct.h5
Epoch 22/1000
 - 93s - loss: 0.3979 - val_loss: 1.7350

Epoch 00022: val_loss improved from 1.82841 to 1.73501, saving model to modelWeights/824sigmoid_newstruct.h5
Epoch 23/1000
 - 93s - loss: 0.3977 - val_loss: 1.9463

Epoch 00023: val_loss did not improve
Epoch 24/1000
 - 93s - loss: 0.3976 - val_loss: 1.9765

Epoch 00024: val_loss did not improve
Epoch 25/1000
 - 93s - loss: 0.3974 - val_loss: 2.0955

Epoch 00025: val_loss did not improve
Epoch 26/1000
 - 94s - loss: 0.3973 - val_loss: 1.8992

Epoch 00026: val_loss did not improve
Epoch 27/1000
 - 94s - loss: 0.3971 - val_loss: 1.7763

Epoch 00027: val_loss did not improve
Epoch 28/1000
 - 94s - loss: 0.3969 - val_loss: 2.0266

Epoch 00028: val_loss did not improve
Epoch 29/1000
 - 94s - loss: 0.3968 - val_loss: 1.7985

Epoch 00029: val_loss did not improve
Epoch 30/1000
 - 93s - loss: 0.3967 - val_loss: 1.9194

Epoch 00030: val_loss did not improve
Epoch 31/1000
 - 94s - loss: 0.3966 - val_loss: 1.8958

Epoch 00031: val_loss did not improve
Epoch 32/1000
 - 94s - loss: 0.3965 - val_loss: 1.9258

Epoch 00032: val_loss did not improve
Epoch 33/1000
 - 94s - loss: 0.3964 - val_loss: 1.7162

Epoch 00033: val_loss improved from 1.73501 to 1.71624, saving model to modelWeights/824sigmoid_newstruct.h5
Epoch 34/1000
 - 94s - loss: 0.3963 - val_loss: 1.8643

Epoch 00034: val_loss did not improve
Epoch 35/1000
 - 94s - loss: 0.3962 - val_loss: 1.9668

Epoch 00035: val_loss did not improve
Epoch 36/1000
 - 95s - loss: 0.3962 - val_loss: 1.9350

Epoch 00036: val_loss did not improve
Epoch 37/1000
 - 94s - loss: 0.3961 - val_loss: 1.8118

Epoch 00037: val_loss did not improve
Epoch 38/1000
 - 94s - loss: 0.3960 - val_loss: 1.8470

Epoch 00038: val_loss did not improve
Epoch 39/1000
 - 94s - loss: 0.3959 - val_loss: 1.8771

Epoch 00039: val_loss did not improve
Epoch 40/1000
 - 94s - loss: 0.3959 - val_loss: 1.8456

Epoch 00040: val_loss did not improve
Epoch 41/1000
 - 94s - loss: 0.3958 - val_loss: 1.8276

Epoch 00041: val_loss did not improve
Epoch 42/1000
 - 94s - loss: 0.3958 - val_loss: 1.8053

Epoch 00042: val_loss did not improve
Epoch 43/1000
 - 94s - loss: 0.3957 - val_loss: 1.8783

Epoch 00043: val_loss did not improve
Epoch 44/1000
 - 94s - loss: 0.3956 - val_loss: 1.8479

Epoch 00044: val_loss did not improve
Epoch 45/1000
 - 94s - loss: 0.3956 - val_loss: 1.8192

Epoch 00045: val_loss did not improve
Epoch 46/1000
 - 94s - loss: 0.3956 - val_loss: 1.9072

Epoch 00046: val_loss did not improve
Epoch 47/1000
 - 94s - loss: 0.3955 - val_loss: 1.8960

Epoch 00047: val_loss did not improve
Epoch 48/1000
 - 94s - loss: 0.3955 - val_loss: 1.8412

Epoch 00048: val_loss did not improve
Epoch 49/1000
 - 94s - loss: 0.3954 - val_loss: 1.8309

Epoch 00049: val_loss did not improve
Epoch 50/1000
 - 94s - loss: 0.3954 - val_loss: 1.8407

Epoch 00050: val_loss did not improve
Epoch 51/1000
 - 93s - loss: 0.3953 - val_loss: 1.9287

Epoch 00051: val_loss did not improve
Epoch 52/1000
 - 94s - loss: 0.3953 - val_loss: 1.6664

Epoch 00052: val_loss improved from 1.71624 to 1.66641, saving model to modelWeights/824sigmoid_newstruct.h5
Epoch 53/1000
 - 94s - loss: 0.3952 - val_loss: 1.7848

Epoch 00053: val_loss did not improve
Epoch 54/1000
 - 94s - loss: 0.3952 - val_loss: 1.9563

Epoch 00054: val_loss did not improve
Epoch 55/1000
 - 94s - loss: 0.3951 - val_loss: 1.8669

Epoch 00055: val_loss did not improve
Epoch 56/1000
 - 95s - loss: 0.3951 - val_loss: 1.8126

Epoch 00056: val_loss did not improve
Epoch 57/1000
 - 94s - loss: 0.3951 - val_loss: 1.8568
srun: Job step aborted: Waiting up to 32 seconds for job step to finish.
slurmstepd: error: *** STEP 985649.0 ON cgpu18 CANCELLED AT 2020-08-31T15:48:45 DUE TO TIME LIMIT ***
slurmstepd: error: *** JOB 985649 ON cgpu18 CANCELLED AT 2020-08-31T15:48:45 DUE TO TIME LIMIT ***
