Using Theano backend.
Using Theano backend.
Using Theano backend.
Using Theano backend.
[2020-08-25 18:11:48,004 INFO] Loading data from ../data/811_evensplit_equalfrac_train.h5
Traceback (most recent call last):
  File "scripts/run_training.py", line 144, in <module>
    _main()
  File "scripts/run_training.py", line 93, in _main
    with h5.File(args.input, 'r') as hfile:
  File "/global/homes/c/chkoda/miniconda2/envs/py2theano/lib/python2.7/site-packages/h5py/_hl/files.py", line 408, in __init__
    swmr=swmr)
  File "/global/homes/c/chkoda/miniconda2/envs/py2theano/lib/python2.7/site-packages/h5py/_hl/files.py", line 173, in make_fid
    fid = h5f.open(name, flags, fapl=fapl)
  File "h5py/_objects.pyx", line 54, in h5py._objects.with_phil.wrapper
  File "h5py/_objects.pyx", line 55, in h5py._objects.with_phil.wrapper
  File "h5py/h5f.pyx", line 88, in h5py.h5f.open
IOError: Unable to open file (unable to open file: name = '../data/811_evensplit_equalfrac_train.h5', errno = 2, error message = 'No such file or directory', flags = 0, o_flags = 0)
[2020-08-25 18:11:48,010 INFO] Loading data from ../data/814_evensplit_equalfrac_train.h5
[2020-08-25 18:11:48,010 INFO] Loading data from ../data/812_evensplit_equalfrac_train.h5
[2020-08-25 18:11:48,011 INFO] Loading data from ../data/824_evensplit_equalfrac_train.h5
Traceback (most recent call last):
  File "scripts/run_training.py", line 144, in <module>
    _main()
  File "scripts/run_training.py", line 93, in _main
    with h5.File(args.input, 'r') as hfile:
  File "/global/homes/c/chkoda/miniconda2/envs/py2theano/lib/python2.7/site-packages/h5py/_hl/files.py", line 408, in __init__
Traceback (most recent call last):
Traceback (most recent call last):
  File "scripts/run_training.py", line 144, in <module>
    _main()
  File "scripts/run_training.py", line 144, in <module>
  File "scripts/run_training.py", line 93, in _main
    with h5.File(args.input, 'r') as hfile:
    _main()
  File "/global/homes/c/chkoda/miniconda2/envs/py2theano/lib/python2.7/site-packages/h5py/_hl/files.py", line 408, in __init__
  File "scripts/run_training.py", line 93, in _main
    with h5.File(args.input, 'r') as hfile:
  File "/global/homes/c/chkoda/miniconda2/envs/py2theano/lib/python2.7/site-packages/h5py/_hl/files.py", line 408, in __init__
    swmr=swmr)
  File "/global/homes/c/chkoda/miniconda2/envs/py2theano/lib/python2.7/site-packages/h5py/_hl/files.py", line 173, in make_fid
    fid = h5f.open(name, flags, fapl=fapl)
  File "h5py/_objects.pyx", line 54, in h5py._objects.with_phil.wrapper
    swmr=swmr)
  File "/global/homes/c/chkoda/miniconda2/envs/py2theano/lib/python2.7/site-packages/h5py/_hl/files.py", line 173, in make_fid
    fid = h5f.open(name, flags, fapl=fapl)
  File "h5py/_objects.pyx", line 54, in h5py._objects.with_phil.wrapper
  File "h5py/_objects.pyx", line 55, in h5py._objects.with_phil.wrapper
    swmr=swmr)
  File "/global/homes/c/chkoda/miniconda2/envs/py2theano/lib/python2.7/site-packages/h5py/_hl/files.py", line 173, in make_fid
    fid = h5f.open(name, flags, fapl=fapl)
  File "h5py/_objects.pyx", line 54, in h5py._objects.with_phil.wrapper
  File "h5py/h5f.pyx", line 88, in h5py.h5f.open
  File "h5py/_objects.pyx", line 55, in h5py._objects.with_phil.wrapper
IOError: Unable to open file (unable to open file: name = '../data/814_evensplit_equalfrac_train.h5', errno = 2, error message = 'No such file or directory', flags = 0, o_flags = 0)
  File "h5py/h5f.pyx", line 88, in h5py.h5f.open
  File "h5py/_objects.pyx", line 55, in h5py._objects.with_phil.wrapper
IOError: Unable to open file (unable to open file: name = '../data/824_evensplit_equalfrac_train.h5', errno = 2, error message = 'No such file or directory', flags = 0, o_flags = 0)
  File "h5py/h5f.pyx", line 88, in h5py.h5f.open
IOError: Unable to open file (unable to open file: name = '../data/812_evensplit_equalfrac_train.h5', errno = 2, error message = 'No such file or directory', flags = 0, o_flags = 0)
srun: error: cgpu17: task 0: Exited with exit code 1
srun: error: cgpu16: task 0: Exited with exit code 1
srun: Terminating job step 970987.1
srun: Terminating job step 970987.2
srun: error: cgpu18: task 0: Exited with exit code 1
srun: Terminating job step 970987.3
srun: error: cgpu15: task 0: Exited with exit code 1
srun: Terminating job step 970987.0
